<?xml version="1.0" encoding="UTF-8"?>
<!-- Generated by org.testng.reporters.JUnitReportReporter -->
<testsuite hostname="LAPTOP-9C5S4OFR" failures="0" tests="1" name="testCases.DummyTest" time="18.742" errors="0" timestamp="2021-05-29T22:38:33 IST" skipped="0">
  <testcase classname="testCases.DummyTest" name="chummatest" time="18.742"/>
  <system-out/>
</testsuite> <!-- testCases.DummyTest -->
